0 info it worked if it ends with ok
1 verbose cli [ '/usr/local/Cellar/nvm/0.31.1/versions/node/v6.1.0/bin/node',
1 verbose cli   '/usr/local/opt/nvm/versions/node/v6.1.0/bin/npm',
1 verbose cli   'start' ]
2 info using npm@3.8.6
3 info using node@v6.1.0
4 verbose run-script [ 'prestart', 'start', 'poststart' ]
5 info lifecycle frontendSkeleton@0.0.1~prestart: frontendSkeleton@0.0.1
6 silly lifecycle frontendSkeleton@0.0.1~prestart: no script for prestart, continuing
7 info lifecycle frontendSkeleton@0.0.1~start: frontendSkeleton@0.0.1
8 verbose lifecycle frontendSkeleton@0.0.1~start: unsafe-perm in lifecycle true
9 verbose lifecycle frontendSkeleton@0.0.1~start: PATH: /usr/local/Cellar/nvm/0.31.1/versions/node/v6.1.0/lib/node_modules/npm/bin/node-gyp-bin:/Users/vladimir050486/allProjects/frontendSkeleton/node_modules/.bin:/usr/local/Cellar/nvm/0.31.1/versions/node/v6.1.0/bin:/usr/local/opt/nvm/versions/node/v6.1.0/bin:/Library/Frameworks/Python.framework/Versions/3.4/bin:/usr/local/bin:/usr/bin:/bin:/usr/sbin:/sbin:/opt/X11/bin:/usr/local/MacGPG2/bin:/usr/local/go//bin:/usr/local/go//bin
10 verbose lifecycle frontendSkeleton@0.0.1~start: CWD: /Users/vladimir050486/allProjects/frontendSkeleton
11 silly lifecycle frontendSkeleton@0.0.1~start: Args: [ '-c', 'babel-node server.js' ]
12 silly lifecycle frontendSkeleton@0.0.1~start: Returned: code: 1  signal: null
13 info lifecycle frontendSkeleton@0.0.1~start: Failed to exec start script
14 verbose stack Error: frontendSkeleton@0.0.1 start: `babel-node server.js`
14 verbose stack Exit status 1
14 verbose stack     at EventEmitter.<anonymous> (/usr/local/Cellar/nvm/0.31.1/versions/node/v6.1.0/lib/node_modules/npm/lib/utils/lifecycle.js:239:16)
14 verbose stack     at emitTwo (events.js:106:13)
14 verbose stack     at EventEmitter.emit (events.js:191:7)
14 verbose stack     at ChildProcess.<anonymous> (/usr/local/Cellar/nvm/0.31.1/versions/node/v6.1.0/lib/node_modules/npm/lib/utils/spawn.js:24:14)
14 verbose stack     at emitTwo (events.js:106:13)
14 verbose stack     at ChildProcess.emit (events.js:191:7)
14 verbose stack     at maybeClose (internal/child_process.js:850:16)
14 verbose stack     at Process.ChildProcess._handle.onexit (internal/child_process.js:215:5)
15 verbose pkgid frontendSkeleton@0.0.1
16 verbose cwd /Users/vladimir050486/allProjects/frontendSkeleton
17 error Darwin 15.6.0
18 error argv "/usr/local/Cellar/nvm/0.31.1/versions/node/v6.1.0/bin/node" "/usr/local/opt/nvm/versions/node/v6.1.0/bin/npm" "start"
19 error node v6.1.0
20 error npm  v3.8.6
21 error code ELIFECYCLE
22 error frontendSkeleton@0.0.1 start: `babel-node server.js`
22 error Exit status 1
23 error Failed at the frontendSkeleton@0.0.1 start script 'babel-node server.js'.
23 error Make sure you have the latest version of node.js and npm installed.
23 error If you do, this is most likely a problem with the frontendSkeleton package,
23 error not with npm itself.
23 error Tell the author that this fails on your system:
23 error     babel-node server.js
23 error You can get information on how to open an issue for this project with:
23 error     npm bugs frontendSkeleton
23 error Or if that isn't available, you can get their info via:
23 error     npm owner ls frontendSkeleton
23 error There is likely additional logging output above.
24 verbose exit [ 1, true ]
